<?xml version="1.0" encoding="UTF-8"?>
<!-- Generated by org.testng.reporters.JUnitXMLReporter -->
<testsuite ignored="0" hostname="DESKTOP-EMKECK1" failures="1" tests="12" name="Test" time="61.883" errors="0" timestamp="2025-10-17T19:05:44 IST">
  <testcase classname="testScripts.LoginTest" name="verifyWheterUserisAbleToLoginWithValidCredentials" time="2.65"/>
  <testcase classname="testScripts.LoginTest" name="verifyWheteherUserisAbleToLoginWithInvalidCredentials" time="0.727"/>
  <testcase classname="testScripts.LoginTest" name="verifyWheteherUserisAbleToLoginWithInvalidCredentials" time="0.647"/>
  <testcase classname="testScripts.LoginTest" name="verifyWhetherUserisAbleToLoginWithValidUsernameInvalidPaswrd" time="0.643">
    <skipped/>
  </testcase> <!-- verifyWhetherUserisAbleToLoginWithValidUsernameInvalidPaswrd -->
  <testcase classname="testScripts.LoginTest" name="verifyWhetherUserisAbleToLoginWithValidUsernameInvalidPaswrd" time="1.157"/>
  <testcase classname="testScripts.LoginTest" name="verifyWhetherUserisAbleToLoginWithInvalidUsernameValidPaswrd" time="1.133"/>
  <testcase classname="testScripts.HomeTest" name="verifyLogoutUponClickingLogout" time="1.557"/>
  <testcase classname="testScripts.AdminUsersTest" name="verifyUserIsAbleToAddNewUser" time="3.936"/>
  <testcase classname="testScripts.AdminUsersTest" name="verifyUserIsAbleToReset" time="2.534"/>
  <testcase classname="testScripts.AdminUsersTest" name="verifyUserIsAbleToSearchUser" time="3.097"/>
  <testcase classname="testScripts.ManageNewsTest" name="verifyWhetherUserIsAbleToAddNewNews" time="3.097"/>
  <testcase classname="testScripts.ManageNewsTest" name="verifyWhetherUserIsAbleToSearchAddedNews" time="1.898">
    <failure type="org.openqa.selenium.StaleElementReferenceException" message="stale element reference: stale element not found
  (Session info: chrome=141.0.7390.77)
For documentation on this error, please visit: https://www.selenium.dev/documentation/webdriver/troubleshooting/errors#stale-element-reference-exception
Build info: version: &amp;apos;4.34.0&amp;apos;, revision: &amp;apos;707dcb4246*&amp;apos;
System info: os.name: &amp;apos;Windows 10&amp;apos;, os.arch: &amp;apos;amd64&amp;apos;, os.version: &amp;apos;10.0&amp;apos;, java.version: &amp;apos;17&amp;apos;
Driver info: org.openqa.selenium.chrome.ChromeDriver
Command: [4413985de099d6e1bea8e732b5bd272d, isElementDisplayed {id=f.5BCE33FE4D70FEB45BEF6F7F7B8932B8.d.6F3F48DF933EF195606DAF92E21F4025.e.37}]
Capabilities {acceptInsecureCerts: false, browserName: chrome, browserVersion: 141.0.7390.77, chrome: {chromedriverVersion: 141.0.7390.78 (2b53b0e231fc..., userDataDir: C:\Users\Admin\AppData\Loca...}, fedcm:accounts: true, goog:chromeOptions: {debuggerAddress: localhost:53977}, networkConnectionEnabled: false, pageLoadStrategy: normal, platformName: windows, proxy: Proxy(), se:cdp: ws://localhost:53977/devtoo..., se:cdpVersion: 141.0.7390.77, setWindowRect: true, strictFileInteractability: false, timeouts: {implicit: 0, pageLoad: 300000, script: 30000}, unhandledPromptBehavior: dismiss and notify, webauthn:extension:credBlob: true, webauthn:extension:largeBlob: true, webauthn:extension:minPinLength: true, webauthn:extension:prf: true, webauthn:virtualAuthenticators: true}
Element: [[ChromeDriver: chrome on windows (4413985de099d6e1bea8e732b5bd272d)] -&amp;gt; xpath: //tr[1]/td[1]]
Session ID: 4413985de099d6e1bea8e732b5bd272d">
      <![CDATA[org.openqa.selenium.StaleElementReferenceException: stale element reference: stale element not found
  (Session info: chrome=141.0.7390.77)
For documentation on this error, please visit: https://www.selenium.dev/documentation/webdriver/troubleshooting/errors#stale-element-reference-exception
Build info: version: '4.34.0', revision: '707dcb4246*'
System info: os.name: 'Windows 10', os.arch: 'amd64', os.version: '10.0', java.version: '17'
Driver info: org.openqa.selenium.chrome.ChromeDriver
Command: [4413985de099d6e1bea8e732b5bd272d, isElementDisplayed {id=f.5BCE33FE4D70FEB45BEF6F7F7B8932B8.d.6F3F48DF933EF195606DAF92E21F4025.e.37}]
Capabilities {acceptInsecureCerts: false, browserName: chrome, browserVersion: 141.0.7390.77, chrome: {chromedriverVersion: 141.0.7390.78 (2b53b0e231fc..., userDataDir: C:\Users\Admin\AppData\Loca...}, fedcm:accounts: true, goog:chromeOptions: {debuggerAddress: localhost:53977}, networkConnectionEnabled: false, pageLoadStrategy: normal, platformName: windows, proxy: Proxy(), se:cdp: ws://localhost:53977/devtoo..., se:cdpVersion: 141.0.7390.77, setWindowRect: true, strictFileInteractability: false, timeouts: {implicit: 0, pageLoad: 300000, script: 30000}, unhandledPromptBehavior: dismiss and notify, webauthn:extension:credBlob: true, webauthn:extension:largeBlob: true, webauthn:extension:minPinLength: true, webauthn:extension:prf: true, webauthn:virtualAuthenticators: true}
Element: [[ChromeDriver: chrome on windows (4413985de099d6e1bea8e732b5bd272d)] -> xpath: //tr[1]/td[1]]
Session ID: 4413985de099d6e1bea8e732b5bd272d
at org.openqa.selenium.remote.ErrorCodec.decode(ErrorCodec.java:167)
at org.openqa.selenium.remote.codec.w3c.W3CHttpResponseCodec.decode(W3CHttpResponseCodec.java:138)
at org.openqa.selenium.remote.codec.w3c.W3CHttpResponseCodec.decode(W3CHttpResponseCodec.java:50)
at org.openqa.selenium.remote.HttpCommandExecutor.execute(HttpCommandExecutor.java:215)
at org.openqa.selenium.remote.service.DriverCommandExecutor.invokeExecute(DriverCommandExecutor.java:216)
at org.openqa.selenium.remote.service.DriverCommandExecutor.execute(DriverCommandExecutor.java:174)
at org.openqa.selenium.remote.RemoteWebDriver.execute(RemoteWebDriver.java:544)
at org.openqa.selenium.remote.RemoteWebElement.execute(RemoteWebElement.java:223)
at org.openqa.selenium.remote.RemoteWebElement.isDisplayed(RemoteWebElement.java:282)
at org.openqa.selenium.support.pagefactory.internal.LocatingElementHandler.invoke(LocatingElementHandler.java:51)
at jdk.proxy2/jdk.proxy2.$Proxy16.isDisplayed(Unknown Source)
at org.openqa.selenium.support.ui.ExpectedConditions.elementIfVisible(ExpectedConditions.java:304)
at org.openqa.selenium.support.ui.ExpectedConditions$10.apply(ExpectedConditions.java:290)
at org.openqa.selenium.support.ui.ExpectedConditions$10.apply(ExpectedConditions.java:287)
at org.openqa.selenium.support.ui.FluentWait.until(FluentWait.java:203)
at utilities.WaitUtility.waitUntilElementIsVisible(WaitUtility.java:29)
at pages.ManageNewsPage.isUserListed(ManageNewsPage.java:78)
at testScripts.ManageNewsTest.verifyWhetherUserIsAbleToSearchAddedNews(ManageNewsTest.java:48)
at java.base/java.util.ArrayList.forEach(ArrayList.java:1511)
... Removed 35 stack frames]]>
    </failure>
  </testcase> <!-- verifyWhetherUserIsAbleToSearchAddedNews -->
</testsuite> <!-- Test -->
