<!DOCTYPE html PUBLIC "-//W3C//DTD XHTML 1.1//EN" "https://www.w3.org/TR/xhtml11/DTD/xhtml11.dtd">
<html xmlns="https://www.w3.org/1999/xhtml">
<head>
<meta http-equiv="content-type" content="text/html; charset=UTF-8"/>
<title>TestNG Report</title>
<style type="text/css">table {margin-bottom:10px;border-collapse:collapse;empty-cells:show}th,td {border:1px solid #009;padding:.25em .5em}th {vertical-align:bottom}td {vertical-align:top}table a {font-weight:bold}.stripe td {background-color: #E6EBF9}.num {text-align:right}.passedodd td {background-color: #3F3}.passedeven td {background-color: #0A0}.skippedodd td {background-color: #DDD}.skippedeven td {background-color: #CCC}.failedodd td,.attn {background-color: #F33}.failedeven td,.stripe .attn {background-color: #D00}.stacktrace {white-space:pre;font-family:monospace}.totop {font-size:85%;text-align:center;border-bottom:2px solid #000}.invisible {display:none}</style>
</head>
<body>
<table>
<tr><th>Test</th><th># Passed</th><th># Skipped</th><th># Retried</th><th># Failed</th><th>Time (ms)</th><th>Included Groups</th><th>Excluded Groups</th></tr>
<tr><th colspan="8">Suite</th></tr>
<tr><td><a href="#t0">Test</a></td><td class="num">10</td><td class="num">0</td><td class="num attn">1</td><td class="num attn">1</td><td class="num">61,883</td><td></td><td></td></tr>
</table>
<table id='summary'><thead><tr><th>Class</th><th>Method</th><th>Start</th><th>Time (ms)</th></tr></thead><tbody><tr><th colspan="4">Suite</th></tr></tbody><tbody id="t0"><tr><th colspan="4">Test &#8212; failed</th></tr><tr class="failedeven"><td rowspan="1">testScripts.ManageNewsTest</td><td><a href="#m0">verifyWhetherUserIsAbleToSearchAddedNews</a></td><td rowspan="1">1760708141042</td><td rowspan="1">1898</td></tr><tr><th colspan="4">Test &#8212; retried</th></tr><tr class="retriedeven"><td rowspan="1">testScripts.LoginTest</td><td><a href="#m1">verifyWhetherUserisAbleToLoginWithValidUsernameInvalidPaswrd</a></td><td rowspan="1">1760708097286</td><td rowspan="1">643</td></tr><tr><th colspan="4">Test &#8212; passed</th></tr><tr class="passedeven"><td rowspan="3">testScripts.AdminUsersTest</td><td><a href="#m2">verifyUserIsAbleToAddNewUser</a></td><td rowspan="1">1760708115065</td><td rowspan="1">3936</td></tr><tr class="passedeven"><td><a href="#m3">verifyUserIsAbleToReset</a></td><td rowspan="1">1760708121117</td><td rowspan="1">2534</td></tr><tr class="passedeven"><td><a href="#m4">verifyUserIsAbleToSearchUser</a></td><td rowspan="1">1760708126841</td><td rowspan="1">3097</td></tr><tr class="passedodd"><td rowspan="1">testScripts.HomeTest</td><td><a href="#m5">verifyLogoutUponClickingLogout</a></td><td rowspan="1">1760708108586</td><td rowspan="1">1557</td></tr><tr class="passedeven"><td rowspan="5">testScripts.LoginTest</td><td><a href="#m6">verifyWheteherUserisAbleToLoginWithInvalidCredentials</a></td><td rowspan="2">1760708090209</td><td rowspan="2">727</td></tr><tr class="passedeven"><td><a href="#m7">verifyWheteherUserisAbleToLoginWithInvalidCredentials</a></td></tr><tr class="passedeven"><td><a href="#m8">verifyWheterUserisAbleToLoginWithValidCredentials</a></td><td rowspan="1">1760708085500</td><td rowspan="1">2650</td></tr><tr class="passedeven"><td><a href="#m9">verifyWhetherUserisAbleToLoginWithInvalidUsernameValidPaswrd</a></td><td rowspan="1">1760708104157</td><td rowspan="1">1133</td></tr><tr class="passedeven"><td><a href="#m10">verifyWhetherUserisAbleToLoginWithValidUsernameInvalidPaswrd</a></td><td rowspan="1">1760708100205</td><td rowspan="1">1157</td></tr><tr class="passedodd"><td rowspan="1">testScripts.ManageNewsTest</td><td><a href="#m11">verifyWhetherUserIsAbleToAddNewNews</a></td><td rowspan="1">1760708134104</td><td rowspan="1">3097</td></tr></tbody>
</table>
<h2>Test</h2><h3 id="m0">testScripts.ManageNewsTest#verifyWhetherUserIsAbleToSearchAddedNews</h3><table class="result"><tr><th>Exception</th></tr><tr><td><div class="stacktrace">org.openqa.selenium.StaleElementReferenceException: stale element reference: stale element not found
  (Session info: chrome=141.0.7390.77)
For documentation on this error, please visit: https://www.selenium.dev/documentation/webdriver/troubleshooting/errors#stale-element-reference-exception
Build info: version: &apos;4.34.0&apos;, revision: &apos;707dcb4246*&apos;
System info: os.name: &apos;Windows 10&apos;, os.arch: &apos;amd64&apos;, os.version: &apos;10.0&apos;, java.version: &apos;17&apos;
Driver info: org.openqa.selenium.chrome.ChromeDriver
Command: [4413985de099d6e1bea8e732b5bd272d, isElementDisplayed {id=f.5BCE33FE4D70FEB45BEF6F7F7B8932B8.d.6F3F48DF933EF195606DAF92E21F4025.e.37}]
Capabilities {acceptInsecureCerts: false, browserName: chrome, browserVersion: 141.0.7390.77, chrome: {chromedriverVersion: 141.0.7390.78 (2b53b0e231fc..., userDataDir: C:\Users\Admin\AppData\Loca...}, fedcm:accounts: true, goog:chromeOptions: {debuggerAddress: localhost:53977}, networkConnectionEnabled: false, pageLoadStrategy: normal, platformName: windows, proxy: Proxy(), se:cdp: ws://localhost:53977/devtoo..., se:cdpVersion: 141.0.7390.77, setWindowRect: true, strictFileInteractability: false, timeouts: {implicit: 0, pageLoad: 300000, script: 30000}, unhandledPromptBehavior: dismiss and notify, webauthn:extension:credBlob: true, webauthn:extension:largeBlob: true, webauthn:extension:minPinLength: true, webauthn:extension:prf: true, webauthn:virtualAuthenticators: true}
Element: [[ChromeDriver: chrome on windows (4413985de099d6e1bea8e732b5bd272d)] -&gt; xpath: //tr[1]/td[1]]
Session ID: 4413985de099d6e1bea8e732b5bd272d
	at org.openqa.selenium.remote.ErrorCodec.decode(ErrorCodec.java:167)
	at org.openqa.selenium.remote.codec.w3c.W3CHttpResponseCodec.decode(W3CHttpResponseCodec.java:138)
	at org.openqa.selenium.remote.codec.w3c.W3CHttpResponseCodec.decode(W3CHttpResponseCodec.java:50)
	at org.openqa.selenium.remote.HttpCommandExecutor.execute(HttpCommandExecutor.java:215)
	at org.openqa.selenium.remote.service.DriverCommandExecutor.invokeExecute(DriverCommandExecutor.java:216)
	at org.openqa.selenium.remote.service.DriverCommandExecutor.execute(DriverCommandExecutor.java:174)
	at org.openqa.selenium.remote.RemoteWebDriver.execute(RemoteWebDriver.java:544)
	at org.openqa.selenium.remote.RemoteWebElement.execute(RemoteWebElement.java:223)
	at org.openqa.selenium.remote.RemoteWebElement.isDisplayed(RemoteWebElement.java:282)
	at org.openqa.selenium.support.pagefactory.internal.LocatingElementHandler.invoke(LocatingElementHandler.java:51)
	at jdk.proxy2/jdk.proxy2.$Proxy16.isDisplayed(Unknown Source)
	at org.openqa.selenium.support.ui.ExpectedConditions.elementIfVisible(ExpectedConditions.java:304)
	at org.openqa.selenium.support.ui.ExpectedConditions$10.apply(ExpectedConditions.java:290)
	at org.openqa.selenium.support.ui.ExpectedConditions$10.apply(ExpectedConditions.java:287)
	at org.openqa.selenium.support.ui.FluentWait.until(FluentWait.java:203)
	at utilities.WaitUtility.waitUntilElementIsVisible(WaitUtility.java:29)
	at pages.ManageNewsPage.isUserListed(ManageNewsPage.java:78)
	at testScripts.ManageNewsTest.verifyWhetherUserIsAbleToSearchAddedNews(ManageNewsTest.java:48)
	at java.base/java.util.ArrayList.forEach(ArrayList.java:1511)
... Removed 35 stack frames</div></td></tr></table><p class="totop"><a href="#summary">back to summary</a></p>
<h3 id="m1">testScripts.LoginTest#verifyWhetherUserisAbleToLoginWithValidUsernameInvalidPaswrd</h3><table class="result"><tr><th>Exception</th></tr><tr><td><div class="stacktrace">org.openqa.selenium.StaleElementReferenceException: stale element reference: stale element not found
  (Session info: chrome=141.0.7390.77)
For documentation on this error, please visit: https://www.selenium.dev/documentation/webdriver/troubleshooting/errors#stale-element-reference-exception
Build info: version: &apos;4.34.0&apos;, revision: &apos;707dcb4246*&apos;
System info: os.name: &apos;Windows 10&apos;, os.arch: &apos;amd64&apos;, os.version: &apos;10.0&apos;, java.version: &apos;17&apos;
Driver info: org.openqa.selenium.chrome.ChromeDriver
Command: [1dd4d7e1e12b10f1e9067c545daf95c3, getElementText {id=f.A612EC3C34AC3772124F5E504B049A4E.d.D6AC4DF43A4FBBC503332993C36804CC.e.20}]
Capabilities {acceptInsecureCerts: false, browserName: chrome, browserVersion: 141.0.7390.77, chrome: {chromedriverVersion: 141.0.7390.78 (2b53b0e231fc..., userDataDir: C:\Users\Admin\AppData\Loca...}, fedcm:accounts: true, goog:chromeOptions: {debuggerAddress: localhost:65316}, networkConnectionEnabled: false, pageLoadStrategy: normal, platformName: windows, proxy: Proxy(), se:cdp: ws://localhost:65316/devtoo..., se:cdpVersion: 141.0.7390.77, setWindowRect: true, strictFileInteractability: false, timeouts: {implicit: 0, pageLoad: 300000, script: 30000}, unhandledPromptBehavior: dismiss and notify, webauthn:extension:credBlob: true, webauthn:extension:largeBlob: true, webauthn:extension:minPinLength: true, webauthn:extension:prf: true, webauthn:virtualAuthenticators: true}
Element: [[ChromeDriver: chrome on windows (1dd4d7e1e12b10f1e9067c545daf95c3)] -&gt; xpath: //b[text()=&apos;7rmart supermarket&apos;]]
Session ID: 1dd4d7e1e12b10f1e9067c545daf95c3
	at org.openqa.selenium.remote.ErrorCodec.decode(ErrorCodec.java:167)
	at org.openqa.selenium.remote.codec.w3c.W3CHttpResponseCodec.decode(W3CHttpResponseCodec.java:138)
	at org.openqa.selenium.remote.codec.w3c.W3CHttpResponseCodec.decode(W3CHttpResponseCodec.java:50)
	at org.openqa.selenium.remote.HttpCommandExecutor.execute(HttpCommandExecutor.java:215)
	at org.openqa.selenium.remote.service.DriverCommandExecutor.invokeExecute(DriverCommandExecutor.java:216)
	at org.openqa.selenium.remote.service.DriverCommandExecutor.execute(DriverCommandExecutor.java:174)
	at org.openqa.selenium.remote.RemoteWebDriver.execute(RemoteWebDriver.java:544)
	at org.openqa.selenium.remote.RemoteWebElement.execute(RemoteWebElement.java:223)
	at org.openqa.selenium.remote.RemoteWebElement.getText(RemoteWebElement.java:191)
	at org.openqa.selenium.support.pagefactory.internal.LocatingElementHandler.invoke(LocatingElementHandler.java:51)
	at jdk.proxy2/jdk.proxy2.$Proxy16.getText(Unknown Source)
	at pages.LoginPage.isTitleDisplayed(LoginPage.java:60)
	at testScripts.LoginTest.verifyWhetherUserisAbleToLoginWithValidUsernameInvalidPaswrd(LoginTest.java:45)
	at java.base/java.util.ArrayList.forEach(ArrayList.java:1511)
... Removed 36 stack frames</div></td></tr></table><p class="totop"><a href="#summary">back to summary</a></p>
<h3 id="m2">testScripts.AdminUsersTest#verifyUserIsAbleToAddNewUser</h3><table class="result"><tr><th class="invisible"/></tr></table><p class="totop"><a href="#summary">back to summary</a></p>
<h3 id="m3">testScripts.AdminUsersTest#verifyUserIsAbleToReset</h3><table class="result"><tr><th class="invisible"/></tr></table><p class="totop"><a href="#summary">back to summary</a></p>
<h3 id="m4">testScripts.AdminUsersTest#verifyUserIsAbleToSearchUser</h3><table class="result"><tr><th class="invisible"/></tr></table><p class="totop"><a href="#summary">back to summary</a></p>
<h3 id="m5">testScripts.HomeTest#verifyLogoutUponClickingLogout</h3><table class="result"><tr><th class="invisible"/></tr></table><p class="totop"><a href="#summary">back to summary</a></p>
<h3 id="m6">testScripts.LoginTest#verifyWheteherUserisAbleToLoginWithInvalidCredentials</h3><table class="result"><tr class="param"><th>Parameter #1</th><th>Parameter #2</th></tr><tr class="param stripe"><td>admin</td><td>admin22</td></tr></table><p class="totop"><a href="#summary">back to summary</a></p>
<h3 id="m7">testScripts.LoginTest#verifyWheteherUserisAbleToLoginWithInvalidCredentials</h3><table class="result"><tr class="param"><th>Parameter #1</th><th>Parameter #2</th></tr><tr class="param stripe"><td>admin123</td><td>123</td></tr></table><p class="totop"><a href="#summary">back to summary</a></p>
<h3 id="m8">testScripts.LoginTest#verifyWheterUserisAbleToLoginWithValidCredentials</h3><table class="result"><tr><th class="invisible"/></tr></table><p class="totop"><a href="#summary">back to summary</a></p>
<h3 id="m9">testScripts.LoginTest#verifyWhetherUserisAbleToLoginWithInvalidUsernameValidPaswrd</h3><table class="result"><tr><th class="invisible"/></tr></table><p class="totop"><a href="#summary">back to summary</a></p>
<h3 id="m10">testScripts.LoginTest#verifyWhetherUserisAbleToLoginWithValidUsernameInvalidPaswrd</h3><table class="result"><tr><th class="invisible"/></tr></table><p class="totop"><a href="#summary">back to summary</a></p>
<h3 id="m11">testScripts.ManageNewsTest#verifyWhetherUserIsAbleToAddNewNews</h3><table class="result"><tr><th class="invisible"/></tr></table><p class="totop"><a href="#summary">back to summary</a></p>
</body>
</html>
